GPU ANGLE (NVIDIA GeForce RTX 3070 Direct3D11 vs_5_0 ps_5_0) (Google Inc.)
OpenGL OpenGL ES 3.0.0 (ANGLE 2.1.0.54a3d7cbcadb)
[Atlas] Texture size is: 4096x4096 (max: 16384x16384)
Found work dir at 'C:/Users/duzyj/Desktop/pokedash + v8/Client/'
== application started at Apr 07 2023 12:15:42
OTCv8 3.2 rev 0 (dev) made by otclient.net built on Apr  2 2023 for arch x86
Connecting to: 127.0.0.1:7171
Connecting to: 127.0.0.1:7171
ERROR: /modules/client_entergame/characterlist.lua:266: attempt to call global 'getName' (a nil value)
Exiting application..
WARNING: widget 'widget1357' was not explicitly destroyed
GPU ANGLE (NVIDIA GeForce RTX 3070 Direct3D11 vs_5_0 ps_5_0) (Google Inc.)
OpenGL OpenGL ES 3.0.0 (ANGLE 2.1.0.54a3d7cbcadb)
[Atlas] Texture size is: 4096x4096 (max: 16384x16384)
Found work dir at 'C:/Users/duzyj/Desktop/pokedash + v8/Client/'
== application started at Apr 07 2023 12:16:30
OTCv8 3.2 rev 0 (dev) made by otclient.net built on Apr  2 2023 for arch x86
Connecting to: 127.0.0.1:7171
ERROR: Unable to load texture '/images/trainerCards/': unable to open file '/data/images/trainerCards/.png': not found
ERROR: Unable to load texture '/images/trainerCards/clans/': unable to open file '/data/images/trainerCards/clans/.png': not found
ERROR: Unable to load texture '/images/trainerCards/': unable to open file '/data/images/trainerCards/.png': not found
ERROR: Unable to load texture '/images/trainerCards/clans/': unable to open file '/data/images/trainerCards/clans/.png': not found
Exiting application..
WARNING: widget 'widget1357' was not explicitly destroyed
GPU ANGLE (NVIDIA GeForce RTX 3070 Direct3D11 vs_5_0 ps_5_0) (Google Inc.)
OpenGL OpenGL ES 3.0.0 (ANGLE 2.1.0.54a3d7cbcadb)
[Atlas] Texture size is: 4096x4096 (max: 16384x16384)
Found work dir at 'C:/Users/duzyj/Desktop/pokedash + v8/Client/'
== application started at Apr 07 2023 12:16:51
OTCv8 3.2 rev 0 (dev) made by otclient.net built on Apr  2 2023 for arch x86
Connecting to: 127.0.0.1:7171
ERROR: Unable to load texture '/images/trainerCards/': unable to open file '/data/images/trainerCards/.png': not found
ERROR: Unable to load texture '/images/trainerCards/': unable to open file '/data/images/trainerCards/.png': not found
Exiting application..
WARNING: widget 'widget1357' was not explicitly destroyed
GPU ANGLE (NVIDIA GeForce RTX 3070 Direct3D11 vs_5_0 ps_5_0) (Google Inc.)
OpenGL OpenGL ES 3.0.0 (ANGLE 2.1.0.54a3d7cbcadb)
[Atlas] Texture size is: 4096x4096 (max: 16384x16384)
Found work dir at 'C:/Users/duzyj/Desktop/pokedash + v8/Client/'
== application started at Apr 07 2023 12:17:37
OTCv8 3.2 rev 0 (dev) made by otclient.net built on Apr  2 2023 for arch x86
Connecting to: 127.0.0.1:7171
ERROR: Unable to load texture '/images/trainerCards/': unable to open file '/data/images/trainerCards/.png': not found
ERROR: Unable to load texture '/images/trainerCards/': unable to open file '/data/images/trainerCards/.png': not found
Exiting application..
WARNING: widget 'widget1357' was not explicitly destroyed
GPU ANGLE (NVIDIA GeForce RTX 3070 Direct3D11 vs_5_0 ps_5_0) (Google Inc.)
OpenGL OpenGL ES 3.0.0 (ANGLE 2.1.0.54a3d7cbcadb)
[Atlas] Texture size is: 4096x4096 (max: 16384x16384)
Found work dir at 'C:/Users/duzyj/Desktop/pokedash + v8/Client/'
== application started at Apr 07 2023 12:17:57
OTCv8 3.2 rev 0 (dev) made by otclient.net built on Apr  2 2023 for arch x86
Connecting to: 127.0.0.1:7171
ERROR: Unable to load texture '/images/trainerCards': unable to open file '/data/images/trainerCards.png': not found
ERROR: Unable to load texture '/images/trainerCards/': unable to open file '/data/images/trainerCards/.png': not found
ERROR: Unable to load texture '/images/trainerCards': unable to open file '/data/images/trainerCards.png': not found
ERROR: Unable to load texture '/images/trainerCards/': unable to open file '/data/images/trainerCards/.png': not found
Exiting application..
WARNING: widget 'widget1357' was not explicitly destroyed
GPU ANGLE (NVIDIA GeForce RTX 3070 Direct3D11 vs_5_0 ps_5_0) (Google Inc.)
OpenGL OpenGL ES 3.0.0 (ANGLE 2.1.0.54a3d7cbcadb)
[Atlas] Texture size is: 4096x4096 (max: 16384x16384)
Found work dir at 'C:/Users/duzyj/Desktop/pokedash + v8/Client/'
== application started at Apr 07 2023 12:18:10
OTCv8 3.2 rev 0 (dev) made by otclient.net built on Apr  2 2023 for arch x86
Connecting to: 127.0.0.1:7171
ERROR: Unable to load texture '/images/trainerCards/': unable to open file '/data/images/trainerCards/.png': not found
ERROR: Unable to load texture '/images/trainerCards/': unable to open file '/data/images/trainerCards/.png': not found
Exiting application..
GPU ANGLE (NVIDIA GeForce RTX 3070 Direct3D11 vs_5_0 ps_5_0) (Google Inc.)
OpenGL OpenGL ES 3.0.0 (ANGLE 2.1.0.54a3d7cbcadb)
[Atlas] Texture size is: 4096x4096 (max: 16384x16384)
Found work dir at 'C:/Users/duzyj/Desktop/pokedash + v8/Client/'
== application started at Apr 07 2023 12:21:18
OTCv8 3.2 rev 0 (dev) made by otclient.net built on Apr  2 2023 for arch x86
Connecting to: 127.0.0.1:7171
ERROR: Unable to load texture '/images/trainerCards/': unable to open file '/data/images/trainerCards/.png': not found
ERROR: Unable to load texture '/images/trainerCards/': unable to open file '/data/images/trainerCards/.png': not found
Exiting application..
WARNING: widget 'widget1357' was not explicitly destroyed
GPU ANGLE (NVIDIA GeForce RTX 3070 Direct3D11 vs_5_0 ps_5_0) (Google Inc.)
OpenGL OpenGL ES 3.0.0 (ANGLE 2.1.0.54a3d7cbcadb)
[Atlas] Texture size is: 4096x4096 (max: 16384x16384)
Found work dir at 'C:/Users/duzyj/Desktop/pokedash + v8/Client/'
== application started at Apr 07 2023 12:32:06
OTCv8 3.2 rev 0 (dev) made by otclient.net built on Apr  2 2023 for arch x86
Connecting to: 127.0.0.1:7171
ERROR: Unable to load texture '/images/trainerCards/': unable to open file '/data/images/trainerCards/.png': not found
ERROR: Unable to load texture '/images/trainerCards/': unable to open file '/data/images/trainerCards/.png': not found
Exiting application..
GPU ANGLE (NVIDIA GeForce RTX 3070 Direct3D11 vs_5_0 ps_5_0) (Google Inc.)
OpenGL OpenGL ES 3.0.0 (ANGLE 2.1.0.54a3d7cbcadb)
[Atlas] Texture size is: 4096x4096 (max: 16384x16384)
Found work dir at 'C:/Users/duzyj/Documents/GitHub/POKEXGEN/client/'
== application started at Apr 07 2023 13:57:48
OTCv8 3.2 rev 0 (dev) made by otclient.net built on Apr  2 2023 for arch x86
Exiting application..
WARNING: widget 'widget1357' was not explicitly destroyed
GPU ANGLE (NVIDIA GeForce RTX 3070 Direct3D11 vs_5_0 ps_5_0) (Google Inc.)
OpenGL OpenGL ES 3.0.0 (ANGLE 2.1.0.54a3d7cbcadb)
[Atlas] Texture size is: 4096x4096 (max: 16384x16384)
Found work dir at 'C:/Users/duzyj/Documents/GitHub/POKEXGEN/client/'
== application started at Apr 07 2023 14:03:30
OTCv8 3.2 rev 0 (dev) made by otclient.net built on Apr  2 2023 for arch x86
Exiting application..
WARNING: widget 'widget1357' was not explicitly destroyed
