[04/04/2023 15:00] /reload actions
[04/04/2023 15:01] /reload actions
[04/04/2023 15:02] /reload actions
[04/04/2023 15:08] /reload actions
[04/04/2023 15:09] /reload actions
[04/04/2023 15:09] /reload actions
[04/04/2023 15:10] /reload actions
[04/04/2023 15:11] /reload actions
[06/04/2023 12:09] /reload actions
[06/04/2023 12:11] /reload actions
[06/04/2023 12:14] /reload actions
[07/04/2023 12:33] /reload action
[07/04/2023 12:33] /reload action
[07/04/2023 12:39] /reload actions
[07/04/2023 12:40] /reload actions
[07/04/2023 12:41] /reload actions
[07/04/2023 12:41] /reload actions
[07/04/2023 12:42] /reload actions
[09/04/2023 23:04] /reload actions
[09/04/2023 23:09] /reload actions
[09/04/2023 23:10] /reload actions
[09/04/2023 23:12] /reload actions
[09/04/2023 23:34] /reload action
[09/04/2023 23:34] /reload action
[09/04/2023 23:46] /reload actions
[09/04/2023 23:50] /reload actions
[09/04/2023 23:53] /reload actions
[09/04/2023 23:53] /reload actions
[10/04/2023 00:06] /reload actions
[10/04/2023 00:18] /reload actions
[10/04/2023 00:25] /reload actions
[10/04/2023 00:25] /reload actions
[10/04/2023 00:29] /reload actions
[10/04/2023 00:32] /reload actions
[10/04/2023 00:35] /reload actions
[10/04/2023 00:36] /reload actions
[10/04/2023 00:37] /reload actions
[10/04/2023 00:38] /reload actions
[10/04/2023 00:46] /reload actions
[10/04/2023 00:46] /reload actions
[10/04/2023 01:23] /reload actions
[10/04/2023 01:27] /reload actions
[10/04/2023 01:31] /reload actions
[10/04/2023 01:33] /reload actions
[10/04/2023 01:44] /reload actions
[10/04/2023 01:45] /reload actions
[10/04/2023 01:54] /reload actions
[10/04/2023 01:58] /reload actions
[10/04/2023 02:01] /reload actions
[10/04/2023 02:01] /reload actions
[10/04/2023 02:02] /reload actions
[10/04/2023 02:06] /reload actions
[10/04/2023 02:14] /reload actions
[10/04/2023 13:20] /reload actions
[10/04/2023 13:23] /reload actions
[10/04/2023 13:23] /reload actions
[10/04/2023 13:29] /reload actions
[10/04/2023 13:36] /reload actions
[10/04/2023 13:41] /reload actions
[10/04/2023 13:45] /reload actions
[10/04/2023 13:49] /reload actions
[10/04/2023 13:53] /reload actions
[10/04/2023 13:55] /reload actions
[10/04/2023 13:57] /reload actions
[10/04/2023 14:01] /reload actions
[10/04/2023 14:04] /reload actions
[10/04/2023 14:09] /reload actions
[10/04/2023 14:12] /reload actions
[10/04/2023 14:18] /reload actions
[10/04/2023 14:18] /reload actions
[10/04/2023 16:04] /reload actions
[10/04/2023 16:07] /reload actions
[10/04/2023 16:09] /reload actions
[10/04/2023 16:20] /reload actions
[10/04/2023 16:23] /reload actions
[10/04/2023 16:23] /reload actions
[10/04/2023 16:25] /reload actions
[10/04/2023 16:25] /reload actions
[10/04/2023 16:25] /reload actions
[10/04/2023 16:26] /reload actions
[10/04/2023 16:27] /reload actions
[10/04/2023 16:53] /reload actions
[10/04/2023 16:57] /reload actions
[10/04/2023 17:00] /reload actions
[10/04/2023 17:05] /reload actions
[10/04/2023 17:26] /reload actions
[10/04/2023 17:46] /reload actions
[10/04/2023 17:51] /reload actions
[10/04/2023 17:56] /reload actions
[10/04/2023 18:01] /reload actions
[10/04/2023 18:02] /reload actions
[10/04/2023 18:04] /reload actions
[10/04/2023 18:04] /reload actions
[10/04/2023 18:13] /reload actions
[10/04/2023 18:15] /reload actions
[10/04/2023 18:39] /reload actions
[10/04/2023 18:39] /reload actions
[10/04/2023 19:04] /reload actions
[10/04/2023 19:09] /reload actions
[10/04/2023 19:19] /reload actions
[10/04/2023 19:21] /reload actions
[10/04/2023 19:35] /reload actions
[10/04/2023 19:36] /reload actions
[10/04/2023 20:07] /reload movements
[10/04/2023 21:27] /reload actions
[12/04/2023 13:23] /reload creaturescripts
[13/04/2023 13:01] /reload events
